Add component (AddParameter): Name = "AC_Derating"; Value = ""; VariantName = "[No Variations]"
Add component (AddParameter): Name = "AEC Category"; Value = "Q200"; VariantName = "[No Variations]"
Add component (AddParameter): Name = "AEC Grade"; Value = ""; VariantName = "[No Variations]"
Add component (AddParameter): Name = "AEC Qualified"; Value = "?"; VariantName = "[No Variations]"
Add component (AddParameter): Name = "Alternate Manufacturer"; Value = ""; VariantName = "[No Variations]"
Add component (AddParameter): Name = "Alternate PartNumber"; Value = ""; VariantName = "[No Variations]"
Add component (AddParameter): Name = "Cap_Case"; Value = "10x20mm"; VariantName = "[No Variations]"
Add component (AddParameter): Name = "Cap_F"; Value = "0.00047"; VariantName = "[No Variations]"
Add component (AddParameter): Name = "ComponentLink1Description"; Value = "Datasheet link"; VariantName = "[No Variations]"
Add component (AddParameter): Name = "ComponentLink1URL"; Value = "http://industrial.panasonic.com/www-data/pdf/ABA0000/ABA0000CE12.pdf"; VariantName = "[No Variations]"
Add component (AddParameter): Name = "CompType"; Value = "Capacitor"; VariantName = "[No Variations]"
Add component (AddParameter): Name = "ESR_ohm"; Value = ""; VariantName = "[No Variations]"
Add component (AddParameter): Name = "IRMS_A"; Value = "0.65"; VariantName = "[No Variations]"
Add component (AddParameter): Name = "LatestRevisionDate"; Value = "2015-12-17"; VariantName = "[No Variations]"
Add component (AddParameter): Name = "Manufacturer"; Value = "Panasonic"; VariantName = "[No Variations]"
Add component (AddParameter): Name = "MountType"; Value = "TH"; VariantName = "[No Variations]"
Add component (AddParameter): Name = "PackageReference"; Value = "10x20"; VariantName = "[No Variations]"
Add component (AddParameter): Name = "PartNumber"; Value = "ECA-1HM471"; VariantName = "[No Variations]"
Add component (AddParameter): Name = "Polarized"; Value = "Y"; VariantName = "[No Variations]"
Add component (AddParameter): Name = "Publisher"; Value = "Texas Instruments"; VariantName = "[No Variations]"
Add component (AddParameter): Name = "RoHS"; Value = "Y"; VariantName = "[No Variations]"
Add component (AddParameter): Name = "Series"; Value = "M"; VariantName = "[No Variations]"
Add component (AddParameter): Name = "Supplier 1"; Value = "Digi-Key"; VariantName = "[No Variations]"
Add component (AddParameter): Name = "Supplier 2"; Value = "Mouser"; VariantName = "[No Variations]"
Add component (AddParameter): Name = "Supplier 3"; Value = "Farnell"; VariantName = "[No Variations]"
Add component (AddParameter): Name = "Supplier Part Number 1"; Value = "P5185-ND"; VariantName = "[No Variations]"
Add component (AddParameter): Name = "Supplier Part Number 2"; Value = "667-ECA-1HM471"; VariantName = "[No Variations]"
Add component (AddParameter): Name = "Supplier Part Number 3"; Value = "9693815"; VariantName = "[No Variations]"
Add component (AddParameter): Name = "SymbolVersion"; Value = "2008-07-09"; VariantName = "[No Variations]"
Add component (AddParameter): Name = "TaMax_C"; Value = "85"; VariantName = "[No Variations]"
Add component (AddParameter): Name = "TaMin_C"; Value = "-40"; VariantName = "[No Variations]"
Add component (AddParameter): Name = "Technology"; Value = "AL"; VariantName = "[No Variations]"
Add component (AddParameter): Name = "Tolerance_%"; Value = "20"; VariantName = "[No Variations]"
Add component (AddParameter): Name = "U/M"; Value = "EA"; VariantName = "[No Variations]"
Add component (AddParameter): Name = "Value"; Value = "470uF"; VariantName = "[No Variations]"
Add component (AddParameter): Name = "Value1"; Value = "Unknown"; VariantName = "[No Variations]"
Add component (AddParameter): Name = "Value2"; Value = "50V"; VariantName = "[No Variations]"
Add component (AddParameter): Name = "ValueDisplayed"; Value = "470µF"; VariantName = "[No Variations]"
Add component (AddParameter): Name = "VDC_V"; Value = "50"; VariantName = "[No Variations]"
Added Component: Designator=C20(M_1000x2000)
Add component. Clean all parameters for all variants
Add component (AddParameter): Name = "AC_Derating"; Value = ""; VariantName = "[No Variations]"
Add component (AddParameter): Name = "AEC Category"; Value = "Q200"; VariantName = "[No Variations]"
Add component (AddParameter): Name = "AEC Grade"; Value = ""; VariantName = "[No Variations]"
Add component (AddParameter): Name = "AEC Qualified"; Value = "?"; VariantName = "[No Variations]"
Add component (AddParameter): Name = "Alternate Manufacturer"; Value = ""; VariantName = "[No Variations]"
Add component (AddParameter): Name = "Alternate PartNumber"; Value = ""; VariantName = "[No Variations]"
Add component (AddParameter): Name = "Cap_Case"; Value = "10x20mm"; VariantName = "[No Variations]"
Add component (AddParameter): Name = "Cap_F"; Value = "0.00047"; VariantName = "[No Variations]"
Add component (AddParameter): Name = "ComponentLink1Description"; Value = "Datasheet link"; VariantName = "[No Variations]"
Add component (AddParameter): Name = "ComponentLink1URL"; Value = "http://industrial.panasonic.com/www-data/pdf/ABA0000/ABA0000CE12.pdf"; VariantName = "[No Variations]"
Add component (AddParameter): Name = "CompType"; Value = "Capacitor"; VariantName = "[No Variations]"
Add component (AddParameter): Name = "ESR_ohm"; Value = ""; VariantName = "[No Variations]"
Add component (AddParameter): Name = "IRMS_A"; Value = "0.65"; VariantName = "[No Variations]"
Add component (AddParameter): Name = "LatestRevisionDate"; Value = "2015-12-17"; VariantName = "[No Variations]"
Add component (AddParameter): Name = "Manufacturer"; Value = "Panasonic"; VariantName = "[No Variations]"
Add component (AddParameter): Name = "MountType"; Value = "TH"; VariantName = "[No Variations]"
Add component (AddParameter): Name = "PackageReference"; Value = "10x20"; VariantName = "[No Variations]"
Add component (AddParameter): Name = "PartNumber"; Value = "ECA-1HM471"; VariantName = "[No Variations]"
Add component (AddParameter): Name = "Polarized"; Value = "Y"; VariantName = "[No Variations]"
Add component (AddParameter): Name = "Publisher"; Value = "Texas Instruments"; VariantName = "[No Variations]"
Add component (AddParameter): Name = "RoHS"; Value = "Y"; VariantName = "[No Variations]"
Add component (AddParameter): Name = "Series"; Value = "M"; VariantName = "[No Variations]"
Add component (AddParameter): Name = "Supplier 1"; Value = "Digi-Key"; VariantName = "[No Variations]"
Add component (AddParameter): Name = "Supplier 2"; Value = "Mouser"; VariantName = "[No Variations]"
Add component (AddParameter): Name = "Supplier 3"; Value = "Farnell"; VariantName = "[No Variations]"
Add component (AddParameter): Name = "Supplier Part Number 1"; Value = "P5185-ND"; VariantName = "[No Variations]"
Add component (AddParameter): Name = "Supplier Part Number 2"; Value = "667-ECA-1HM471"; VariantName = "[No Variations]"
Add component (AddParameter): Name = "Supplier Part Number 3"; Value = "9693815"; VariantName = "[No Variations]"
Add component (AddParameter): Name = "SymbolVersion"; Value = "2008-07-09"; VariantName = "[No Variations]"
Add component (AddParameter): Name = "TaMax_C"; Value = "85"; VariantName = "[No Variations]"
Add component (AddParameter): Name = "TaMin_C"; Value = "-40"; VariantName = "[No Variations]"
Add component (AddParameter): Name = "Technology"; Value = "AL"; VariantName = "[No Variations]"
Add component (AddParameter): Name = "Tolerance_%"; Value = "20"; VariantName = "[No Variations]"
Add component (AddParameter): Name = "U/M"; Value = "EA"; VariantName = "[No Variations]"
Add component (AddParameter): Name = "Value"; Value = "470uF"; VariantName = "[No Variations]"
Add component (AddParameter): Name = "Value1"; Value = "Unknown"; VariantName = "[No Variations]"
Add component (AddParameter): Name = "Value2"; Value = "50V"; VariantName = "[No Variations]"
Add component (AddParameter): Name = "ValueDisplayed"; Value = "470µF"; VariantName = "[No Variations]"
Add component (AddParameter): Name = "VDC_V"; Value = "50"; VariantName = "[No Variations]"
Added Pin To Net: NetName=PVDD Pin=C20-1
Added Pin To Net: NetName=GND Pin=C20-2
Added Member To Class: ClassName=Designator Member=Component C20 ECA-1HM471
Change Room Name: Old Name=Designator_1 New Name=Designator
Added Room: Name=Designator
