Removed Pin From Net: NetName=PVDD Pin=C33-1
Removed Pin From Net: NetName=SB_P Pin=C33-2
Removed Pin From Net: NetName=PVDD Pin=C34-1
Removed Pin From Net: NetName=SB_P Pin=C34-2
Removed Pin From Net: NetName=PVDD Pin=C35-1
Removed Pin From Net: NetName=SB_P Pin=C35-2
Removed Pin From Net: NetName=PVDD Pin=C36-1
Removed Pin From Net: NetName=SB_P Pin=C36-2
Removed Pin From Net: NetName=PVDD Pin=C37-1
Removed Pin From Net: NetName=SB_P Pin=C37-2
Removed Pin From Net: NetName=PVDD Pin=C38-1
Removed Pin From Net: NetName=SB_P Pin=C38-2
Removed Pin From Net: NetName=PVDD Pin=C39-1
Removed Pin From Net: NetName=MOT_A Pin=C39-2
Removed Pin From Net: NetName=PVDD Pin=C40-1
Removed Pin From Net: NetName=MOT_B Pin=C40-2
Removed Pin From Net: NetName=MOT_A Pin=C42-1
Removed Pin From Net: NetName=NetC42_2 Pin=C42-2
Removed Pin From Net: NetName=MOT_B Pin=C43-1
Removed Pin From Net: NetName=NetC43_2 Pin=C43-2
Removed Pin From Net: NetName=MOT_C Pin=C44-1
Removed Pin From Net: NetName=NetC44_2 Pin=C44-2
Removed Member From Class: ClassName=Driver Stage Member=C33
Removed Member From Class: ClassName=Driver Stage Member=C34
Removed Member From Class: ClassName=Driver Stage Member=C35
Removed Member From Class: ClassName=Driver Stage Member=C36
Removed Member From Class: ClassName=Driver Stage Member=C37
Removed Member From Class: ClassName=Driver Stage Member=C38
Removed Member From Class: ClassName=Driver Stage Member=C39
Removed Member From Class: ClassName=Driver Stage Member=C40
Removed Member From Class: ClassName=Driver Stage Member=C42
Removed Member From Class: ClassName=Driver Stage Member=C43
Removed Member From Class: ClassName=Driver Stage Member=C44
Change Net Name : Old Net Name=NetC42_2 New Net Name=NetC48_1
Change Net Name : Old Net Name=NetC43_2 New Net Name=NetC49_1
Change Net Name : Old Net Name=NetC44_2 New Net Name=NetC50_1
Added Room: Name=Designator
