Removed Pin From Net: NetName=NetC48_1 Pin=C48-1
Removed Pin From Net: NetName=NetC49_1 Pin=C49-1
Removed Pin From Net: NetName=NetC50_1 Pin=C50-1
Removed Pin From Net: NetName=NetC50_1 Pin=U1-19
Removed Pin From Net: NetName=NetC49_1 Pin=U1-21
Removed Pin From Net: NetName=NetC48_1 Pin=U1-23
Change Component Designator: OldDesignator=C21 NewDesignator=C20
Change Component Designator: OldDesignator=C22 NewDesignator=C21
Change Component Designator: OldDesignator=C23 NewDesignator=C22
Change Component Designator: OldDesignator=C24 NewDesignator=C23
Change Component Designator: OldDesignator=C25 NewDesignator=C24
Change Component Designator: OldDesignator=C26 NewDesignator=C25
Change Component Designator: OldDesignator=C27 NewDesignator=C26
Change Component Designator: OldDesignator=C28 NewDesignator=C27
Change Component Designator: OldDesignator=C29 NewDesignator=C28
Change Component Designator: OldDesignator=C41 NewDesignator=C29
Change Component Designator: OldDesignator=C45 NewDesignator=C30
Change Component Designator: OldDesignator=C46 NewDesignator=C31
Change Component Designator: OldDesignator=C47 NewDesignator=C32
Change Component Designator: OldDesignator=C48 NewDesignator=C33
Change Component Designator: OldDesignator=C49 NewDesignator=C35
Change Component Designator: OldDesignator=C50 NewDesignator=C34
Add component (AddParameter): Name = "LatestRevisionDate"; Value = "2015-10-18"; VariantName = "[No Variations]"
Add component (AddParameter): Name = "LatestRevisionNote"; Value = "Added Alternate PartNumber and Alternate Manufacturer parameters to appropriate components."; VariantName = "[No Variations]"
Add component (AddParameter): Name = "MountType"; Value = "SMT"; VariantName = "[No Variations]"
Add component (AddParameter): Name = "PackageReference"; Value = "N/A"; VariantName = "[No Variations]"
Add component (AddParameter): Name = "Publisher"; Value = "Texas Instruments"; VariantName = "[No Variations]"
Add component (AddParameter): Name = "SymbolCreator"; Value = "codlsc"; VariantName = "[No Variations]"
Add component (AddParameter): Name = "SymbolVersion"; Value = "2009-07-01"; VariantName = "[No Variations]"
Added Component: Designator=NT1(Net-Tie_10mil)
Add component. Clean all parameters for all variants
Add component (AddParameter): Name = "LatestRevisionDate"; Value = "2015-10-18"; VariantName = "[No Variations]"
Add component (AddParameter): Name = "LatestRevisionNote"; Value = "Added Alternate PartNumber and Alternate Manufacturer parameters to appropriate components."; VariantName = "[No Variations]"
Add component (AddParameter): Name = "MountType"; Value = "SMT"; VariantName = "[No Variations]"
Add component (AddParameter): Name = "PackageReference"; Value = "N/A"; VariantName = "[No Variations]"
Add component (AddParameter): Name = "Publisher"; Value = "Texas Instruments"; VariantName = "[No Variations]"
Add component (AddParameter): Name = "SymbolCreator"; Value = "codlsc"; VariantName = "[No Variations]"
Add component (AddParameter): Name = "SymbolVersion"; Value = "2009-07-01"; VariantName = "[No Variations]"
Add component (AddParameter): Name = "LatestRevisionDate"; Value = "2015-10-18"; VariantName = "[No Variations]"
Add component (AddParameter): Name = "LatestRevisionNote"; Value = "Added Alternate PartNumber and Alternate Manufacturer parameters to appropriate components."; VariantName = "[No Variations]"
Add component (AddParameter): Name = "MountType"; Value = "SMT"; VariantName = "[No Variations]"
Add component (AddParameter): Name = "PackageReference"; Value = "N/A"; VariantName = "[No Variations]"
Add component (AddParameter): Name = "Publisher"; Value = "Texas Instruments"; VariantName = "[No Variations]"
Add component (AddParameter): Name = "SymbolCreator"; Value = "codlsc"; VariantName = "[No Variations]"
Add component (AddParameter): Name = "SymbolVersion"; Value = "2009-07-01"; VariantName = "[No Variations]"
Added Component: Designator=NT2(Net-Tie_10mil)
Add component. Clean all parameters for all variants
Add component (AddParameter): Name = "LatestRevisionDate"; Value = "2015-10-18"; VariantName = "[No Variations]"
Add component (AddParameter): Name = "LatestRevisionNote"; Value = "Added Alternate PartNumber and Alternate Manufacturer parameters to appropriate components."; VariantName = "[No Variations]"
Add component (AddParameter): Name = "MountType"; Value = "SMT"; VariantName = "[No Variations]"
Add component (AddParameter): Name = "PackageReference"; Value = "N/A"; VariantName = "[No Variations]"
Add component (AddParameter): Name = "Publisher"; Value = "Texas Instruments"; VariantName = "[No Variations]"
Add component (AddParameter): Name = "SymbolCreator"; Value = "codlsc"; VariantName = "[No Variations]"
Add component (AddParameter): Name = "SymbolVersion"; Value = "2009-07-01"; VariantName = "[No Variations]"
Add component (AddParameter): Name = "LatestRevisionDate"; Value = "2015-10-18"; VariantName = "[No Variations]"
Add component (AddParameter): Name = "LatestRevisionNote"; Value = "Added Alternate PartNumber and Alternate Manufacturer parameters to appropriate components."; VariantName = "[No Variations]"
Add component (AddParameter): Name = "MountType"; Value = "SMT"; VariantName = "[No Variations]"
Add component (AddParameter): Name = "PackageReference"; Value = "N/A"; VariantName = "[No Variations]"
Add component (AddParameter): Name = "Publisher"; Value = "Texas Instruments"; VariantName = "[No Variations]"
Add component (AddParameter): Name = "SymbolCreator"; Value = "codlsc"; VariantName = "[No Variations]"
Add component (AddParameter): Name = "SymbolVersion"; Value = "2009-07-01"; VariantName = "[No Variations]"
Added Component: Designator=NT3(Net-Tie_10mil)
Add component. Clean all parameters for all variants
Add component (AddParameter): Name = "LatestRevisionDate"; Value = "2015-10-18"; VariantName = "[No Variations]"
Add component (AddParameter): Name = "LatestRevisionNote"; Value = "Added Alternate PartNumber and Alternate Manufacturer parameters to appropriate components."; VariantName = "[No Variations]"
Add component (AddParameter): Name = "MountType"; Value = "SMT"; VariantName = "[No Variations]"
Add component (AddParameter): Name = "PackageReference"; Value = "N/A"; VariantName = "[No Variations]"
Add component (AddParameter): Name = "Publisher"; Value = "Texas Instruments"; VariantName = "[No Variations]"
Add component (AddParameter): Name = "SymbolCreator"; Value = "codlsc"; VariantName = "[No Variations]"
Add component (AddParameter): Name = "SymbolVersion"; Value = "2009-07-01"; VariantName = "[No Variations]"
Add component (AddParameter): Name = "LatestRevisionDate"; Value = "2015-10-18"; VariantName = "[No Variations]"
Add component (AddParameter): Name = "LatestRevisionNote"; Value = "Added Alternate PartNumber and Alternate Manufacturer parameters to appropriate components."; VariantName = "[No Variations]"
Add component (AddParameter): Name = "MountType"; Value = "SMT"; VariantName = "[No Variations]"
Add component (AddParameter): Name = "PackageReference"; Value = "N/A"; VariantName = "[No Variations]"
Add component (AddParameter): Name = "Publisher"; Value = "Texas Instruments"; VariantName = "[No Variations]"
Add component (AddParameter): Name = "SymbolCreator"; Value = "codlsc"; VariantName = "[No Variations]"
Add component (AddParameter): Name = "SymbolVersion"; Value = "2009-07-01"; VariantName = "[No Variations]"
Added Component: Designator=NT4(Net-Tie_10mil)
Add component. Clean all parameters for all variants
Add component (AddParameter): Name = "LatestRevisionDate"; Value = "2015-10-18"; VariantName = "[No Variations]"
Add component (AddParameter): Name = "LatestRevisionNote"; Value = "Added Alternate PartNumber and Alternate Manufacturer parameters to appropriate components."; VariantName = "[No Variations]"
Add component (AddParameter): Name = "MountType"; Value = "SMT"; VariantName = "[No Variations]"
Add component (AddParameter): Name = "PackageReference"; Value = "N/A"; VariantName = "[No Variations]"
Add component (AddParameter): Name = "Publisher"; Value = "Texas Instruments"; VariantName = "[No Variations]"
Add component (AddParameter): Name = "SymbolCreator"; Value = "codlsc"; VariantName = "[No Variations]"
Add component (AddParameter): Name = "SymbolVersion"; Value = "2009-07-01"; VariantName = "[No Variations]"
Add component (AddParameter): Name = "LatestRevisionDate"; Value = "2015-10-18"; VariantName = "[No Variations]"
Add component (AddParameter): Name = "LatestRevisionNote"; Value = "Added Alternate PartNumber and Alternate Manufacturer parameters to appropriate components."; VariantName = "[No Variations]"
Add component (AddParameter): Name = "MountType"; Value = "SMT"; VariantName = "[No Variations]"
Add component (AddParameter): Name = "PackageReference"; Value = "N/A"; VariantName = "[No Variations]"
Add component (AddParameter): Name = "Publisher"; Value = "Texas Instruments"; VariantName = "[No Variations]"
Add component (AddParameter): Name = "SymbolCreator"; Value = "codlsc"; VariantName = "[No Variations]"
Add component (AddParameter): Name = "SymbolVersion"; Value = "2009-07-01"; VariantName = "[No Variations]"
Added Component: Designator=NT5(Net-Tie_10mil)
Add component. Clean all parameters for all variants
Add component (AddParameter): Name = "LatestRevisionDate"; Value = "2015-10-18"; VariantName = "[No Variations]"
Add component (AddParameter): Name = "LatestRevisionNote"; Value = "Added Alternate PartNumber and Alternate Manufacturer parameters to appropriate components."; VariantName = "[No Variations]"
Add component (AddParameter): Name = "MountType"; Value = "SMT"; VariantName = "[No Variations]"
Add component (AddParameter): Name = "PackageReference"; Value = "N/A"; VariantName = "[No Variations]"
Add component (AddParameter): Name = "Publisher"; Value = "Texas Instruments"; VariantName = "[No Variations]"
Add component (AddParameter): Name = "SymbolCreator"; Value = "codlsc"; VariantName = "[No Variations]"
Add component (AddParameter): Name = "SymbolVersion"; Value = "2009-07-01"; VariantName = "[No Variations]"
Add component (AddParameter): Name = "LatestRevisionDate"; Value = "2015-10-18"; VariantName = "[No Variations]"
Add component (AddParameter): Name = "LatestRevisionNote"; Value = "Added Alternate PartNumber and Alternate Manufacturer parameters to appropriate components."; VariantName = "[No Variations]"
Add component (AddParameter): Name = "MountType"; Value = "SMT"; VariantName = "[No Variations]"
Add component (AddParameter): Name = "PackageReference"; Value = "N/A"; VariantName = "[No Variations]"
Add component (AddParameter): Name = "Publisher"; Value = "Texas Instruments"; VariantName = "[No Variations]"
Add component (AddParameter): Name = "SymbolCreator"; Value = "codlsc"; VariantName = "[No Variations]"
Add component (AddParameter): Name = "SymbolVersion"; Value = "2009-07-01"; VariantName = "[No Variations]"
Added Component: Designator=NT6(Net-Tie_10mil)
Add component. Clean all parameters for all variants
Add component (AddParameter): Name = "LatestRevisionDate"; Value = "2015-10-18"; VariantName = "[No Variations]"
Add component (AddParameter): Name = "LatestRevisionNote"; Value = "Added Alternate PartNumber and Alternate Manufacturer parameters to appropriate components."; VariantName = "[No Variations]"
Add component (AddParameter): Name = "MountType"; Value = "SMT"; VariantName = "[No Variations]"
Add component (AddParameter): Name = "PackageReference"; Value = "N/A"; VariantName = "[No Variations]"
Add component (AddParameter): Name = "Publisher"; Value = "Texas Instruments"; VariantName = "[No Variations]"
Add component (AddParameter): Name = "SymbolCreator"; Value = "codlsc"; VariantName = "[No Variations]"
Add component (AddParameter): Name = "SymbolVersion"; Value = "2009-07-01"; VariantName = "[No Variations]"
Added Pin To Net: NetName=GND Pin=C30-2
Added Pin To Net: NetName=GND Pin=C31-2
Added Pin To Net: NetName=GND Pin=C32-2
Added Pin To Net: NetName=NetC48_1 Pin=NT1-2
Added Pin To Net: NetName=NetC49_1 Pin=NT2-2
Added Pin To Net: NetName=NetC50_1 Pin=NT3-2
Added Pin To Net: NetName=GND Pin=NT4-2
Added Pin To Net: NetName=GND Pin=NT5-2
Added Pin To Net: NetName=GND Pin=NT6-2
Added Pin To Net: NetName=GND Pin=R9-1
Added Pin To Net: NetName=GND Pin=R10-1
Added Pin To Net: NetName=GND Pin=R11-1
Added Pin To Net: NetName=GND Pin=R12-1
Added Pin To Net: NetName=GND Pin=R13-1
Added Pin To Net: NetName=GND Pin=R14-1
Change Net Name : Old Net Name=NetC45_1 New Net Name=NetC30_1
Change Net Name : Old Net Name=NetC46_1 New Net Name=NetC31_1
Change Net Name : Old Net Name=NetC47_1 New Net Name=NetC32_1
Change Net Name : Old Net Name=NetC48_1 New Net Name=NetNT1_2
Change Net Name : Old Net Name=NetC49_1 New Net Name=NetNT2_2
Change Net Name : Old Net Name=NetC50_1 New Net Name=NetNT3_2
Added Pin To Net: NetName=SN1 Pin=C33-1
Added Pin To Net: NetName=SN1 Pin=NT1-1
Added Pin To Net: NetName=SN1 Pin=U1-23
Added Net: Name=SN1
Added Pin To Net: NetName=SN2 Pin=C35-1
Added Pin To Net: NetName=SN2 Pin=NT2-1
Added Pin To Net: NetName=SN2 Pin=U1-21
Added Net: Name=SN2
Added Pin To Net: NetName=SN3 Pin=C34-1
Added Pin To Net: NetName=SN3 Pin=NT3-1
Added Pin To Net: NetName=SN3 Pin=U1-19
Added Net: Name=SN3
Added Pin To Net: NetName=SP1 Pin=C33-2
Added Pin To Net: NetName=SP1 Pin=NT4-1
Added Pin To Net: NetName=SP1 Pin=U1-24
Added Net: Name=SP1
Added Pin To Net: NetName=SP2 Pin=C35-2
Added Pin To Net: NetName=SP2 Pin=NT5-1
Added Pin To Net: NetName=SP2 Pin=U1-22
Added Net: Name=SP2
Added Pin To Net: NetName=SP3 Pin=C34-2
Added Pin To Net: NetName=SP3 Pin=NT6-1
Added Pin To Net: NetName=SP3 Pin=U1-20
Added Net: Name=SP3
Added Member To Class: ClassName=Driver Stage Member=Component NT1 Net-Tie
Added Member To Class: ClassName=Driver Stage Member=Component NT2 Net-Tie
Added Member To Class: ClassName=Driver Stage Member=Component NT3 Net-Tie
Added Member To Class: ClassName=Driver Stage Member=Component NT4 Net-Tie
Added Member To Class: ClassName=Driver Stage Member=Component NT5 Net-Tie
Added Member To Class: ClassName=Driver Stage Member=Component NT6 Net-Tie
Added Room: Name=Designator
Added Room: Name=Designator
Added Room: Name=Driver Stage
Added Room: Name=MCU
